file /home/pi/AddressableRGB/portaudio/src/SConscript,line 133:
	Configure(confdir = build/scons/.sconf_temp)
scons: Configure: Checking the size of C type short...
scons: Configure: "build/scons/.sconf_temp/conftest_0.c" is up to date.
scons: Configure: The original builder output was:
  |build/scons/.sconf_temp/conftest_0.c <-
  |  |
  |  |#include <stdio.h>
  |  |
  |  |int main() {
  |  |    printf("%d", sizeof(short));
  |  |    return 0;
  |  |}
  |  |
  |
scons: Configure: "build/scons/.sconf_temp/conftest_0.o" is up to date.
scons: Configure: The original builder output was:
  |gcc -o build/scons/.sconf_temp/conftest_0.o -c -Wall -pedantic -pipe -pthread -g -Iinclude -Ibuild/scons/posix/common -Isrc/common -Ibuild/scons/posix/os/unix -Isrc/os/unix build/scons/.sconf_temp/conftest_0.c
  |
scons: Configure: "build/scons/.sconf_temp/conftest_0" is up to date.
scons: Configure: The original builder output was:
  |gcc -o build/scons/.sconf_temp/conftest_0 -pthread build/scons/.sconf_temp/conftest_0.o
  |
scons: Configure: "build/scons/.sconf_temp/conftest_0.out" is up to date.
scons: Configure: The original builder output was:
  |build/scons/.sconf_temp/conftest_0 > build/scons/.sconf_temp/conftest_0.out
  |
scons: Configure: (cached) 2

scons: Configure: Checking the size of C type int...
scons: Configure: "build/scons/.sconf_temp/conftest_1.c" is up to date.
scons: Configure: The original builder output was:
  |build/scons/.sconf_temp/conftest_1.c <-
  |  |
  |  |#include <stdio.h>
  |  |
  |  |int main() {
  |  |    printf("%d", sizeof(int));
  |  |    return 0;
  |  |}
  |  |
  |
scons: Configure: "build/scons/.sconf_temp/conftest_1.o" is up to date.
scons: Configure: The original builder output was:
  |gcc -o build/scons/.sconf_temp/conftest_1.o -c -Wall -pedantic -pipe -pthread -g -DSIZEOF_SHORT=2 -Iinclude -Ibuild/scons/posix/common -Isrc/common -Ibuild/scons/posix/os/unix -Isrc/os/unix build/scons/.sconf_temp/conftest_1.c
  |
scons: Configure: "build/scons/.sconf_temp/conftest_1" is up to date.
scons: Configure: The original builder output was:
  |gcc -o build/scons/.sconf_temp/conftest_1 -pthread build/scons/.sconf_temp/conftest_1.o
  |
scons: Configure: "build/scons/.sconf_temp/conftest_1.out" is up to date.
scons: Configure: The original builder output was:
  |build/scons/.sconf_temp/conftest_1 > build/scons/.sconf_temp/conftest_1.out
  |
scons: Configure: (cached) 4

scons: Configure: Checking the size of C type long...
scons: Configure: "build/scons/.sconf_temp/conftest_2.c" is up to date.
scons: Configure: The original builder output was:
  |build/scons/.sconf_temp/conftest_2.c <-
  |  |
  |  |#include <stdio.h>
  |  |
  |  |int main() {
  |  |    printf("%d", sizeof(long));
  |  |    return 0;
  |  |}
  |  |
  |
scons: Configure: "build/scons/.sconf_temp/conftest_2.o" is up to date.
scons: Configure: The original builder output was:
  |gcc -o build/scons/.sconf_temp/conftest_2.o -c -Wall -pedantic -pipe -pthread -g -DSIZEOF_SHORT=2 -DSIZEOF_INT=4 -Iinclude -Ibuild/scons/posix/common -Isrc/common -Ibuild/scons/posix/os/unix -Isrc/os/unix build/scons/.sconf_temp/conftest_2.c
  |
scons: Configure: "build/scons/.sconf_temp/conftest_2" is up to date.
scons: Configure: The original builder output was:
  |gcc -o build/scons/.sconf_temp/conftest_2 -pthread build/scons/.sconf_temp/conftest_2.o
  |
scons: Configure: "build/scons/.sconf_temp/conftest_2.out" is up to date.
scons: Configure: The original builder output was:
  |build/scons/.sconf_temp/conftest_2 > build/scons/.sconf_temp/conftest_2.out
  |
scons: Configure: (cached) 4

scons: Configure: Checking for C header file time.h... 
scons: Configure: "build/scons/.sconf_temp/conftest_3.c" is up to date.
scons: Configure: The original builder output was:
  |build/scons/.sconf_temp/conftest_3.c <-
  |  |
  |  |#include <time.h>
  |  |
  |  |
  |
scons: Configure: "build/scons/.sconf_temp/conftest_3.o" is up to date.
scons: Configure: The original builder output was:
  |gcc -o build/scons/.sconf_temp/conftest_3.o -c -Wall -pedantic -pipe -pthread -g -DSIZEOF_SHORT=2 -DSIZEOF_INT=4 -DSIZEOF_LONG=4 -Iinclude -Ibuild/scons/posix/common -Isrc/common -Ibuild/scons/posix/os/unix -Isrc/os/unix build/scons/.sconf_temp/conftest_3.c
  |
scons: Configure: (cached) yes

scons: Configure: Checking for clock_gettime() in C library rt... 
scons: Configure: "build/scons/.sconf_temp/conftest_4.c" is up to date.
scons: Configure: The original builder output was:
  |build/scons/.sconf_temp/conftest_4.c <-
  |  |
  |  |
  |  |
  |  |#ifdef __cplusplus
  |  |extern "C"
  |  |#endif
  |  |char clock_gettime();
  |  |
  |  |int
  |  |main() {
  |  |  clock_gettime();
  |  |return 0;
  |  |}
  |  |
  |
scons: Configure: "build/scons/.sconf_temp/conftest_4.o" is up to date.
scons: Configure: The original builder output was:
  |gcc -o build/scons/.sconf_temp/conftest_4.o -c -Wall -pedantic -pipe -pthread -g -DSIZEOF_SHORT=2 -DSIZEOF_INT=4 -DSIZEOF_LONG=4 -Iinclude -Ibuild/scons/posix/common -Isrc/common -Ibuild/scons/posix/os/unix -Isrc/os/unix build/scons/.sconf_temp/conftest_4.c
  |
scons: Configure: "build/scons/.sconf_temp/conftest_4" is up to date.
scons: Configure: The original builder output was:
  |gcc -o build/scons/.sconf_temp/conftest_4 -pthread build/scons/.sconf_temp/conftest_4.o -lrt
  |
scons: Configure: (cached) yes

scons: Configure: Checking for C header file time.h... 
scons: Configure: "build/scons/.sconf_temp/conftest_5.c" is up to date.
scons: Configure: The original builder output was:
  |build/scons/.sconf_temp/conftest_5.c <-
  |  |
  |  |#include <time.h>
  |  |
  |  |
  |
scons: Configure: "build/scons/.sconf_temp/conftest_5.o" is up to date.
scons: Configure: The original builder output was:
  |gcc -o build/scons/.sconf_temp/conftest_5.o -c -Wall -pedantic -pipe -pthread -g -DSIZEOF_SHORT=2 -DSIZEOF_INT=4 -DSIZEOF_LONG=4 -DHAVE_CLOCK_GETTIME -Iinclude -Ibuild/scons/posix/common -Isrc/common -Ibuild/scons/posix/os/unix -Isrc/os/unix build/scons/.sconf_temp/conftest_5.c
  |
scons: Configure: (cached) yes

scons: Configure: Checking for nanosleep() in C library c... 
scons: Configure: "build/scons/.sconf_temp/conftest_6.c" is up to date.
scons: Configure: The original builder output was:
  |build/scons/.sconf_temp/conftest_6.c <-
  |  |
  |  |
  |  |
  |  |#ifdef __cplusplus
  |  |extern "C"
  |  |#endif
  |  |char nanosleep();
  |  |
  |  |int
  |  |main() {
  |  |  nanosleep();
  |  |return 0;
  |  |}
  |  |
  |
scons: Configure: "build/scons/.sconf_temp/conftest_6.o" is up to date.
scons: Configure: The original builder output was:
  |gcc -o build/scons/.sconf_temp/conftest_6.o -c -Wall -pedantic -pipe -pthread -g -DSIZEOF_SHORT=2 -DSIZEOF_INT=4 -DSIZEOF_LONG=4 -DHAVE_CLOCK_GETTIME -Iinclude -Ibuild/scons/posix/common -Isrc/common -Ibuild/scons/posix/os/unix -Isrc/os/unix build/scons/.sconf_temp/conftest_6.c
  |
scons: Configure: "build/scons/.sconf_temp/conftest_6" is up to date.
scons: Configure: The original builder output was:
  |gcc -o build/scons/.sconf_temp/conftest_6 -pthread build/scons/.sconf_temp/conftest_6.o -lrt -lc
  |
scons: Configure: (cached) yes

scons: Configure: Checking for C header file sys/soundcard.h... 
scons: Configure: "build/scons/.sconf_temp/conftest_7.c" is up to date.
scons: Configure: The original builder output was:
  |build/scons/.sconf_temp/conftest_7.c <-
  |  |
  |  |#include "sys/soundcard.h"
  |  |
  |  |
  |
scons: Configure: "build/scons/.sconf_temp/conftest_7.o" is up to date.
scons: Configure: The original builder output was:
  |gcc -o build/scons/.sconf_temp/conftest_7.o -c -Wall -pedantic -pipe -pthread -g -DSIZEOF_SHORT=2 -DSIZEOF_INT=4 -DSIZEOF_LONG=4 -DHAVE_CLOCK_GETTIME -DHAVE_NANOSLEEP -Iinclude -Ibuild/scons/posix/common -Isrc/common -Ibuild/scons/posix/os/unix -Isrc/os/unix build/scons/.sconf_temp/conftest_7.c
  |
scons: Configure: (cached) yes

scons: Configure: Checking for C header file linux/soundcard.h... 
scons: Configure: "build/scons/.sconf_temp/conftest_8.c" is up to date.
scons: Configure: The original builder output was:
  |build/scons/.sconf_temp/conftest_8.c <-
  |  |
  |  |#include "linux/soundcard.h"
  |  |
  |  |
  |
scons: Configure: "build/scons/.sconf_temp/conftest_8.o" is up to date.
scons: Configure: The original builder output was:
  |gcc -o build/scons/.sconf_temp/conftest_8.o -c -Wall -pedantic -pipe -pthread -g -DSIZEOF_SHORT=2 -DSIZEOF_INT=4 -DSIZEOF_LONG=4 -DHAVE_CLOCK_GETTIME -DHAVE_NANOSLEEP -DHAVE_SYS_SOUNDCARD_H -Iinclude -Ibuild/scons/posix/common -Isrc/common -Ibuild/scons/posix/os/unix -Isrc/os/unix build/scons/.sconf_temp/conftest_8.c
  |
scons: Configure: (cached) yes

scons: Configure: Checking for C header file machine/soundcard.h... 
scons: Configure: "build/scons/.sconf_temp/conftest_9.c" is up to date.
scons: Configure: The original builder output was:
  |build/scons/.sconf_temp/conftest_9.c <-
  |  |
  |  |#include "machine/soundcard.h"
  |  |
  |  |
  |
scons: Configure: Building "build/scons/.sconf_temp/conftest_9.o" failed in a previous run and all its sources are up to date.
scons: Configure: The original builder output was:
  |gcc -o build/scons/.sconf_temp/conftest_9.o -c -Wall -pedantic -pipe -pthread -g -DSIZEOF_SHORT=2 -DSIZEOF_INT=4 -DSIZEOF_LONG=4 -DHAVE_CLOCK_GETTIME -DHAVE_NANOSLEEP -DHAVE_SYS_SOUNDCARD_H -DHAVE_LINUX_SOUNDCARD_H -Iinclude -Ibuild/scons/posix/common -Isrc/common -Ibuild/scons/posix/os/unix -Isrc/os/unix build/scons/.sconf_temp/conftest_9.c
  |
scons: Configure: (cached) no

scons: Configure: Checking for C header file pthread.h... 
scons: Configure: "build/scons/.sconf_temp/conftest_10.c" is up to date.
scons: Configure: The original builder output was:
  |build/scons/.sconf_temp/conftest_10.c <-
  |  |
  |  |#include <pthread.h>
  |  |
  |  |
  |
scons: Configure: "build/scons/.sconf_temp/conftest_10.o" is up to date.
scons: Configure: The original builder output was:
  |gcc -o build/scons/.sconf_temp/conftest_10.o -c -Wall -pedantic -pipe -pthread -g -DSIZEOF_SHORT=2 -DSIZEOF_INT=4 -DSIZEOF_LONG=4 -DHAVE_CLOCK_GETTIME -DHAVE_NANOSLEEP -DHAVE_SYS_SOUNDCARD_H -DHAVE_LINUX_SOUNDCARD_H -Iinclude -Ibuild/scons/posix/common -Isrc/common -Ibuild/scons/posix/os/unix -Isrc/os/unix build/scons/.sconf_temp/conftest_10.c
  |
scons: Configure: (cached) yes

scons: Configure: Checking for pthread_create() in C library pthread... 
scons: Configure: "build/scons/.sconf_temp/conftest_11.c" is up to date.
scons: Configure: The original builder output was:
  |build/scons/.sconf_temp/conftest_11.c <-
  |  |
  |  |
  |  |
  |  |#ifdef __cplusplus
  |  |extern "C"
  |  |#endif
  |  |char pthread_create();
  |  |
  |  |int
  |  |main() {
  |  |  pthread_create();
  |  |return 0;
  |  |}
  |  |
  |
scons: Configure: "build/scons/.sconf_temp/conftest_11.o" is up to date.
scons: Configure: The original builder output was:
  |gcc -o build/scons/.sconf_temp/conftest_11.o -c -Wall -pedantic -pipe -pthread -g -DSIZEOF_SHORT=2 -DSIZEOF_INT=4 -DSIZEOF_LONG=4 -DHAVE_CLOCK_GETTIME -DHAVE_NANOSLEEP -DHAVE_SYS_SOUNDCARD_H -DHAVE_LINUX_SOUNDCARD_H -Iinclude -Ibuild/scons/posix/common -Isrc/common -Ibuild/scons/posix/os/unix -Isrc/os/unix build/scons/.sconf_temp/conftest_11.c
  |
scons: Configure: "build/scons/.sconf_temp/conftest_11" is up to date.
scons: Configure: The original builder output was:
  |gcc -o build/scons/.sconf_temp/conftest_11 -pthread build/scons/.sconf_temp/conftest_11.o -lrt -lpthread
  |
scons: Configure: (cached) yes

scons: Configure: Checking for C header file math.h... 
scons: Configure: "build/scons/.sconf_temp/conftest_12.c" is up to date.
scons: Configure: The original builder output was:
  |build/scons/.sconf_temp/conftest_12.c <-
  |  |
  |  |#include <math.h>
  |  |
  |  |
  |
scons: Configure: "build/scons/.sconf_temp/conftest_12.o" is up to date.
scons: Configure: The original builder output was:
  |gcc -o build/scons/.sconf_temp/conftest_12.o -c -Wall -pedantic -pipe -pthread -g -DSIZEOF_SHORT=2 -DSIZEOF_INT=4 -DSIZEOF_LONG=4 -DHAVE_CLOCK_GETTIME -DHAVE_NANOSLEEP -DHAVE_SYS_SOUNDCARD_H -DHAVE_LINUX_SOUNDCARD_H -Iinclude -Ibuild/scons/posix/common -Isrc/common -Ibuild/scons/posix/os/unix -Isrc/os/unix build/scons/.sconf_temp/conftest_12.c
  |
scons: Configure: (cached) yes

scons: Configure: Checking for sin() in C library m... 
scons: Configure: "build/scons/.sconf_temp/conftest_13.c" is up to date.
scons: Configure: The original builder output was:
  |build/scons/.sconf_temp/conftest_13.c <-
  |  |
  |  |
  |  |
  |  |#ifdef __cplusplus
  |  |extern "C"
  |  |#endif
  |  |char sin();
  |  |
  |  |int
  |  |main() {
  |  |  sin();
  |  |return 0;
  |  |}
  |  |
  |
scons: Configure: "build/scons/.sconf_temp/conftest_13.o" is up to date.
scons: Configure: The original builder output was:
  |gcc -o build/scons/.sconf_temp/conftest_13.o -c -Wall -pedantic -pipe -pthread -g -DSIZEOF_SHORT=2 -DSIZEOF_INT=4 -DSIZEOF_LONG=4 -DHAVE_CLOCK_GETTIME -DHAVE_NANOSLEEP -DHAVE_SYS_SOUNDCARD_H -DHAVE_LINUX_SOUNDCARD_H -Iinclude -Ibuild/scons/posix/common -Isrc/common -Ibuild/scons/posix/os/unix -Isrc/os/unix build/scons/.sconf_temp/conftest_13.c
  |
scons: Configure: "build/scons/.sconf_temp/conftest_13" is up to date.
scons: Configure: The original builder output was:
  |gcc -o build/scons/.sconf_temp/conftest_13 -pthread build/scons/.sconf_temp/conftest_13.o -lrt -lpthread -lm
  |
scons: Configure: (cached) yes

scons: Configure: Checking for C header file sys/soundcard.h... 
scons: Configure: "build/scons/.sconf_temp/conftest_14.c" is up to date.
scons: Configure: The original builder output was:
  |build/scons/.sconf_temp/conftest_14.c <-
  |  |
  |  |#include <sys/soundcard.h>
  |  |
  |  |
  |
scons: Configure: "build/scons/.sconf_temp/conftest_14.o" is up to date.
scons: Configure: The original builder output was:
  |gcc -o build/scons/.sconf_temp/conftest_14.o -c -Wall -pedantic -pipe -pthread -g -DSIZEOF_SHORT=2 -DSIZEOF_INT=4 -DSIZEOF_LONG=4 -DHAVE_CLOCK_GETTIME -DHAVE_NANOSLEEP -DHAVE_SYS_SOUNDCARD_H -DHAVE_LINUX_SOUNDCARD_H -Iinclude -Ibuild/scons/posix/common -Isrc/common -Ibuild/scons/posix/os/unix -Isrc/os/unix build/scons/.sconf_temp/conftest_14.c
  |
scons: Configure: (cached) yes

scons: Configure: Checking for C header file asihpi/hpi.h... 
scons: Configure: "build/scons/.sconf_temp/conftest_15.c" is up to date.
scons: Configure: The original builder output was:
  |build/scons/.sconf_temp/conftest_15.c <-
  |  |
  |  |#include <asihpi/hpi.h>
  |  |
  |  |
  |
scons: Configure: Building "build/scons/.sconf_temp/conftest_15.o" failed in a previous run and all its sources are up to date.
scons: Configure: The original builder output was:
  |gcc -o build/scons/.sconf_temp/conftest_15.o -c -Wall -pedantic -pipe -pthread -g -DSIZEOF_SHORT=2 -DSIZEOF_INT=4 -DSIZEOF_LONG=4 -DHAVE_CLOCK_GETTIME -DHAVE_NANOSLEEP -DHAVE_SYS_SOUNDCARD_H -DHAVE_LINUX_SOUNDCARD_H -DPA_USE_OSS=1 -Iinclude -Ibuild/scons/posix/common -Isrc/common -Ibuild/scons/posix/os/unix -Isrc/os/unix build/scons/.sconf_temp/conftest_15.c
  |
scons: Configure: (cached) no

scons: Configure: Checking for C header file jack/jack.h... 
scons: Configure: "build/scons/.sconf_temp/conftest_16.c" is up to date.
scons: Configure: The original builder output was:
  |build/scons/.sconf_temp/conftest_16.c <-
  |  |
  |  |#include <jack/jack.h>
  |  |
  |  |
  |
scons: Configure: Building "build/scons/.sconf_temp/conftest_16.o" failed in a previous run and all its sources are up to date.
scons: Configure: The original builder output was:
  |gcc -o build/scons/.sconf_temp/conftest_16.o -c -Wall -pedantic -pipe -pthread -g -DSIZEOF_SHORT=2 -DSIZEOF_INT=4 -DSIZEOF_LONG=4 -DHAVE_CLOCK_GETTIME -DHAVE_NANOSLEEP -DHAVE_SYS_SOUNDCARD_H -DHAVE_LINUX_SOUNDCARD_H -DPA_USE_OSS=1 -Iinclude -Ibuild/scons/posix/common -Isrc/common -Ibuild/scons/posix/os/unix -Isrc/os/unix build/scons/.sconf_temp/conftest_16.c
  |
scons: Configure: (cached) no

scons: Configure: Checking for C header file alsa/asoundlib.h... 
scons: Configure: "build/scons/.sconf_temp/conftest_17.c" is up to date.
scons: Configure: The original builder output was:
  |build/scons/.sconf_temp/conftest_17.c <-
  |  |
  |  |#include <alsa/asoundlib.h>
  |  |
  |  |
  |
scons: Configure: "build/scons/.sconf_temp/conftest_17.o" is up to date.
scons: Configure: The original builder output was:
  |gcc -o build/scons/.sconf_temp/conftest_17.o -c -Wall -pedantic -pipe -pthread -g -DSIZEOF_SHORT=2 -DSIZEOF_INT=4 -DSIZEOF_LONG=4 -DHAVE_CLOCK_GETTIME -DHAVE_NANOSLEEP -DHAVE_SYS_SOUNDCARD_H -DHAVE_LINUX_SOUNDCARD_H -DPA_USE_OSS=1 -Iinclude -Ibuild/scons/posix/common -Isrc/common -Ibuild/scons/posix/os/unix -Isrc/os/unix -I/usr/include/alsa build/scons/.sconf_temp/conftest_17.c
  |
scons: Configure: (cached) yes

scons: Configure: Checking for snd_pcm_open() in C library asound... 
scons: Configure: "build/scons/.sconf_temp/conftest_18.c" is up to date.
scons: Configure: The original builder output was:
  |build/scons/.sconf_temp/conftest_18.c <-
  |  |
  |  |
  |  |
  |  |#ifdef __cplusplus
  |  |extern "C"
  |  |#endif
  |  |char snd_pcm_open();
  |  |
  |  |int
  |  |main() {
  |  |  snd_pcm_open();
  |  |return 0;
  |  |}
  |  |
  |
scons: Configure: "build/scons/.sconf_temp/conftest_18.o" is up to date.
scons: Configure: The original builder output was:
  |gcc -o build/scons/.sconf_temp/conftest_18.o -c -Wall -pedantic -pipe -pthread -g -DSIZEOF_SHORT=2 -DSIZEOF_INT=4 -DSIZEOF_LONG=4 -DHAVE_CLOCK_GETTIME -DHAVE_NANOSLEEP -DHAVE_SYS_SOUNDCARD_H -DHAVE_LINUX_SOUNDCARD_H -DPA_USE_OSS=1 -Iinclude -Ibuild/scons/posix/common -Isrc/common -Ibuild/scons/posix/os/unix -Isrc/os/unix -I/usr/include/alsa build/scons/.sconf_temp/conftest_18.c
  |
scons: Configure: "build/scons/.sconf_temp/conftest_18" is up to date.
scons: Configure: The original builder output was:
  |gcc -o build/scons/.sconf_temp/conftest_18 -pthread build/scons/.sconf_temp/conftest_18.o -lrt -lpthread -lm -lasound -lasound
  |
scons: Configure: (cached) yes


